d:\FPT\kì 7\DAT\exchange-rate\scripts\models\arima.py:24: FutureWarning: Series.__getitem__ treating keys as positions is deprecated. In a future version, integer keys will always be treated as labels (consistent with DataFrame behavior). To access a value by position, use `ser.iloc[pos]`
  test = series[i+horizon]
D:\FPT\kì 7\DAT\exchange-rate\.venv\Lib\site-packages\statsmodels\tsa\base\tsa_model.py:837: ValueWarning: No supported index is available. Prediction results will be given with an integer index beginning at `start`.
  return get_prediction_index(
D:\FPT\kì 7\DAT\exchange-rate\.venv\Lib\site-packages\statsmodels\tsa\base\tsa_model.py:837: FutureWarning: No supported index is available. In the next version, calling this method in a model without a supported index will result in an exception.
  return get_prediction_index(
Traceback (most recent call last):
  File "D:\FPT\kì 7\DAT\exchange-rate\.venv\Lib\site-packages\pandas\core\indexes\range.py", line 413, in get_loc
    return self._range.index(new_key)
           ^^^^^^^^^^^^^^^^^^^^^^^^^^
ValueError: -1 is not in range

The above exception was the direct cause of the following exception:

Traceback (most recent call last):
  File "d:\FPT\kì 7\DAT\exchange-rate\scripts\models\arima.py", line 35, in <module>
    pred = model.predict(n_periods=horizon)[-1]
           ~~~~~~~~~~~~~~~~~~~~~~~~~~~~~~~~^^^^
  File "D:\FPT\kì 7\DAT\exchange-rate\.venv\Lib\site-packages\pandas\core\series.py", line 1133, in __getitem__
    return self._get_value(key)
           ^^^^^^^^^^^^^^^^^^^^
  File "D:\FPT\kì 7\DAT\exchange-rate\.venv\Lib\site-packages\pandas\core\series.py", line 1249, in _get_value
    loc = self.index.get_loc(label)
          ^^^^^^^^^^^^^^^^^^^^^^^^^
  File "D:\FPT\kì 7\DAT\exchange-rate\.venv\Lib\site-packages\pandas\core\indexes\range.py", line 415, in get_loc
    raise KeyError(key) from err
KeyError: -1
